============================= test session starts =============================
platform win32 -- Python 3.14.2, pytest-9.0.2, pluggy-1.6.0 -- C:\Python314\python.exe
cachedir: .pytest_cache
rootdir: D:\Sem-6\Nexus-vendor-onboarding-platform
configfile: pytest.ini
plugins: anyio-4.12.0, langsmith-0.7.22, asyncio-1.3.0, cov-7.1.0
asyncio: mode=Mode.AUTO, debug=False, asyncio_default_fixture_loop_scope=None, asyncio_default_test_loop_scope=function
collecting ... collected 8 items

tests/test_llm_wrapper.py::TestModelRouting::test_heavy_model_selection FAILED [ 12%]
tests/test_llm_wrapper.py::TestModelRouting::test_light_model_selection FAILED [ 25%]
tests/test_llm_wrapper.py::TestCallLLMJSON::test_valid_json PASSED       [ 37%]
tests/test_llm_wrapper.py::TestCallLLMJSON::test_json_with_markdown_fences PASSED [ 50%]
tests/test_llm_wrapper.py::TestCallLLMJSON::test_json_with_plain_fences PASSED [ 62%]
tests/test_llm_wrapper.py::TestCallLLMJSON::test_invalid_json_returns_fallback PASSED [ 75%]
tests/test_llm_wrapper.py::TestCallLLMJSON::test_json_instruction_appended PASSED [ 87%]
tests/test_llm_wrapper.py::TestCallLLMStructured::test_schema_hint_appended PASSED [100%]

================================== FAILURES ===================================
_________________ TestModelRouting.test_heavy_model_selection _________________
tests\test_llm_wrapper.py:29: in test_heavy_model_selection
    assert llm.model_name == "llama-heavy"
E   AssertionError: assert 'llama-3.1-8b-instant' == 'llama-heavy'
E     
E     - llama-heavy
E     + llama-3.1-8b-instant
_________________ TestModelRouting.test_light_model_selection _________________
tests\test_llm_wrapper.py:41: in test_light_model_selection
    assert llm.model_name == "llama-light"
E   AssertionError: assert 'llama-3.1-8b-instant' == 'llama-light'
E     
E     - llama-light
E     + llama-3.1-8b-instant
============================== warnings summary ===============================
C:\Users\Abiruth\AppData\Roaming\Python\Python314\site-packages\langchain_core\_api\deprecation.py:25
  C:\Users\Abiruth\AppData\Roaming\Python\Python314\site-packages\langchain_core\_api\deprecation.py:25: UserWarning: Core Pydantic V1 functionality isn't compatible with Python 3.14 or greater.
    from pydantic.v1.fields import FieldInfo as FieldInfoV1

-- Docs: https://docs.pytest.org/en/stable/how-to/capture-warnings.html
=========================== short test summary info ===========================
FAILED tests/test_llm_wrapper.py::TestModelRouting::test_heavy_model_selection
FAILED tests/test_llm_wrapper.py::TestModelRouting::test_light_model_selection
=================== 2 failed, 6 passed, 1 warning in 6.20s ====================
